<?xml version="1.0" encoding="UTF-8"?>
<!-- Generated by org.testng.reporters.JUnitXMLReporter -->
<testsuite ignored="1" hostname="VL-LPT-26" failures="0" tests="1" name="groupTest" time="9.656" errors="0" timestamp="2025-06-12T13:57:21 IST">
  <testcase classname="testCases.TC002_LoginTest" name="verify_login" time="2.413"/>
  <testcase classname="testCases.TC001_AccountRegistrationTest" name="verify_account_registartion" time="0.0">
    <ignored/>
  </testcase> <!-- verify_account_registartion -->
</testsuite> <!-- groupTest -->
