<?xml version="1.0" encoding="UTF-8"?>
<!-- Generated by org.testng.reporters.JUnitXMLReporter -->
<testsuite ignored="0" hostname="VL-LPT-26" failures="1" tests="1" name="groupTest(failed)" time="16.591" errors="0" timestamp="2025-06-12T16:44:49 IST">
  <testcase classname="testCases.TC002_LoginTest" name="verify_login" time="11.654">
    <failure type="java.lang.AssertionError" message="expected [true] but found [false]">
      <![CDATA[java.lang.AssertionError: expected [true] but found [false]
at testCases.TC002_LoginTest.verify_login(TC002_LoginTest.java:37)
at java.base/java.util.ArrayList.forEach(ArrayList.java:1596)
... Removed 29 stack frames]]>
    </failure>
  </testcase> <!-- verify_login -->
</testsuite> <!-- groupTest(failed) -->
