<?xml version="1.0" encoding="UTF-8"?>
<testng-results ignored="0" total="1" passed="1" failed="0" skipped="0">
  <reporter-output>
  </reporter-output>
  <suite started-at="2025-06-15T12:36:28 IST" name="Master Suite" finished-at="2025-06-15T12:36:35 IST" duration-ms="7434">
    <groups>
      <group name="Master">
        <method signature="TC002_LoginTest.verify_login()[pri:0, instance:testCases.TC002_LoginTest@2a62b5bc]" name="verify_login" class="testCases.TC002_LoginTest"/>
      </group> <!-- Master -->
      <group name="Sanity">
        <method signature="TC002_LoginTest.verify_login()[pri:0, instance:testCases.TC002_LoginTest@2a62b5bc]" name="verify_login" class="testCases.TC002_LoginTest"/>
      </group> <!-- Sanity -->
    </groups>
    <test started-at="2025-06-15T12:36:28 IST" name="Test" finished-at="2025-06-15T12:36:35 IST" duration-ms="7434">
      <class name="testCases.TC002_LoginTest">
        <test-method is-config="true" signature="setup(java.lang.String,java.lang.String)[pri:0, instance:testCases.TC002_LoginTest@2a62b5bc]" started-at="2025-06-15T12:36:28 IST" name="setup" finished-at="2025-06-15T12:36:33 IST" duration-ms="5256" status="PASS">
          <params>
            <param index="0">
              <value>
                <![CDATA[Windows]]>
              </value>
            </param>
            <param index="1">
              <value>
                <![CDATA[chrome]]>
              </value>
            </param>
          </params>
          <reporter-output>
          </reporter-output>
        </test-method> <!-- setup -->
        <test-method signature="verify_login()[pri:0, instance:testCases.TC002_LoginTest@2a62b5bc]" started-at="2025-06-15T12:36:33 IST" name="verify_login" finished-at="2025-06-15T12:36:35 IST" duration-ms="1637" status="PASS">
          <reporter-output>
          </reporter-output>
        </test-method> <!-- verify_login -->
        <test-method is-config="true" signature="tearDown()[pri:0, instance:testCases.TC002_LoginTest@2a62b5bc]" started-at="2025-06-15T12:36:35 IST" name="tearDown" finished-at="2025-06-15T12:36:35 IST" duration-ms="332" status="PASS">
          <reporter-output>
          </reporter-output>
        </test-method> <!-- tearDown -->
      </class> <!-- testCases.TC002_LoginTest -->
    </test> <!-- Test -->
  </suite> <!-- Master Suite -->
</testng-results>
